<?xml version="1.0" encoding="UTF-8"?>
<testng-results ignored="0" total="1" passed="1" failed="0" skipped="0">
  <reporter-output>
  </reporter-output>
  <suite started-at="2024-03-26T16:18:30 IST" name="Default suite" finished-at="2024-03-26T16:18:46 IST" duration-ms="16106">
    <groups>
    </groups>
    <test started-at="2024-03-26T16:18:30 IST" name="Default test" finished-at="2024-03-26T16:18:46 IST" duration-ms="16106">
      <class name="project.java.AppTest">
        <test-method is-config="true" signature="setup()[pri:0, instance:project.java.AppTest@4d0d9fe7]" started-at="2024-03-26T16:18:30 IST" name="setup" finished-at="2024-03-26T16:18:38 IST" duration-ms="7866" status="PASS">
          <reporter-output>
          </reporter-output>
        </test-method> <!-- setup -->
        <test-method signature="login()[pri:0, instance:project.java.AppTest@4d0d9fe7]" started-at="2024-03-26T16:18:38 IST" name="login" finished-at="2024-03-26T16:18:45 IST" duration-ms="7621" status="PASS">
          <reporter-output>
          </reporter-output>
        </test-method> <!-- login -->
        <test-method is-config="true" signature="teardown()[pri:0, instance:project.java.AppTest@4d0d9fe7]" started-at="2024-03-26T16:18:45 IST" name="teardown" finished-at="2024-03-26T16:18:46 IST" duration-ms="532" status="PASS">
          <reporter-output>
          </reporter-output>
        </test-method> <!-- teardown -->
      </class> <!-- project.java.AppTest -->
    </test> <!-- Default test -->
  </suite> <!-- Default suite -->
</testng-results>
